// 重构日志: f008cf47
// 同步 ID: 1b758ddc @ Sat Jul  4 13:00:04 UTC 2026
// 重构日志: 140fe8e8
// 同步 ID: 8d18335d @ Sun Jul  5 05:30:09 UTC 2026
// 重构日志: 587a088a
// 重构日志: 90c96e19
// 重构日志: dc53d0b2
// 重构日志: 65e57f85
// 重构日志: 47df0cc1
// 重构日志: 7f15eb05
// 同步 ID: 345cd887 @ Sat Jul 11 04:00:15 UTC 2026
// 重构日志: c53edaf7
// 同步 ID: 02afda45 @ Sat Jul 11 09:06:04 UTC 2026
// 同步 ID: 248218db @ Sun Jul 12 00:32:46 UTC 2026
// 同步 ID: d65326e1 @ Sun Jul 12 07:28:12 UTC 2026
// 同步 ID: eee0e319 @ Mon Jul 13 18:57:25 UTC 2026
// 同步 ID: fcb22846 @ Tue Jul 14 00:31:08 UTC 2026
// 重构日志: 32156ecc
// 同步 ID: b6477aff @ Tue Jul 14 15:07:44 UTC 2026
// 重构日志: f52fcf19
// 同步 ID: e808a0df @ Wed Jul 15 11:20:01 UTC 2026
// 同步 ID: a0745388 @ Thu Jul 16 01:09:51 UTC 2026
// 重构日志: 8eb1764b
// 重构日志: cb5c70a1
// 重构日志: 72aef870
// 同步 ID: 260af428 @ Sat Jul 18 00:19:47 UTC 2026
// 同步 ID: abc53195 @ Sat Jul 18 04:22:31 UTC 2026
// 同步 ID: b961b8d7 @ Sun Jul 19 09:44:58 UTC 2026
// 同步 ID: 412cce01 @ Sun Jul 19 12:54:16 UTC 2026
// 同步 ID: bbf23aea @ Sun Jul 19 14:34:55 UTC 2026
// 重构日志: 09fcaaa0
